Configuration for Embedthis Appweb
----------------------------------
Version:            6.2.2
BuildType:          Debug
CPU:                x64
OS:                 linux
Host:               ubuntu
Configure:          me -d -q -platform linux-x86-default -configure . -gen make
----------------------------------
Parse /root/lolo/zttest/appweb/bginweb2/appweb.conf
Started HTTP service on *:12345
Create worker.0, pool has 1 workers. Limits 0-5.
09:19:35 1-0-1-1 connection.accept.new peer='192.168.1.110' endpoint='192.168.1.124:12345'
09:19:35 1-0-1-1 rx.first.server method='GET' uri='/user/user?_=1677489546798' protocol='HTTP/1.1'
09:19:35 1-0-1-1 rx.headers.server
----
GET /user/user?_=1677489546798 HTTP/1.1
Host: 192.168.1.124:12345
Connection: keep-alive
Accept: text/html, */*; q=0.01
User-Agent: Mozilla/5.0 (Windows NT 10.0; Win64; x64) AppleWebKit/537.36 (KHTML, like Gecko) Chrome/109.0.0.0 Safari/537.36
X-Requested-With: XMLHttpRequest
Referer: http://192.168.1.124:12345/
Accept-Encoding: gzip, deflate
Accept-Language: zh-CN,zh;q=0.9,ja;q=0.8,en-US;q=0.7,en;q=0.6,zh-TW;q=0.5
Cookie: ctime=1
----
09:19:35 1-0-1-1 request.pipeline route='/user/{action}$' handler='espHandler' target='run' endpoint=':12345' host='default' referrer='http://192.168.1.124:12345/' filename=''
Loading native module controller_3ec7089c206fa7504994aecf121c1bef.so
09:19:35 1-0-1-1 esp.handler msg= 'Load module /root/lolo/zttest/appweb/bginweb2/controllers/user.c'
09:19:35 1-0-1-1 esp.handler msg= 'Invoke controller action user/user'
Loading native module view_7fe46ee96f6f7e2e5eab97ebe7efe1b6.so
09:19:35 1-0-1-1 esp.handler msg= 'Load module /root/lolo/zttest/appweb/bginweb2/web/view/user.esp'
09:19:35 1-0-1-1 request.document filename='/root/lolo/zttest/appweb/bginweb2/web/view/user.esp'
09:19:35 1-0-1-1 tx.headers.server
----
HTTP/1.1 200 OK
Vary: Accept-Encoding
X-Frame-Options: SAMEORIGIN
Content-Type: text/html
X-Content-Type-Options: nosniff
Date: Mon, 27 Feb 2023 09:19:35 GMT
ETag: 1685935579
Content-Length: 3394
X-XSS-Protection: 1; mode=block
Connection: Keep-Alive
Accept-Ranges: bytes
----
09:19:38 1-0-1-2 rx.first.server method='POST' uri='/user/userpanel' protocol='HTTP/1.1'
09:19:38 1-0-1-2 rx.headers.server
----
POST /user/userpanel HTTP/1.1
Host: 192.168.1.124:12345
Connection: keep-alive
Content-Length: 6
Accept: application/json, text/javascript, */*; q=0.01
X-Requested-With: XMLHttpRequest
User-Agent: Mozilla/5.0 (Windows NT 10.0; Win64; x64) AppleWebKit/537.36 (KHTML, like Gecko) Chrome/109.0.0.0 Safari/537.36
Content-Type: application/x-www-form-urlencoded; charset=UTF-8
Origin: http://192.168.1.124:12345
Referer: http://192.168.1.124:12345/
Accept-Encoding: gzip, deflate
Accept-Language: zh-CN,zh;q=0.9,ja;q=0.8,en-US;q=0.7,en;q=0.6,zh-TW;q=0.5
Cookie: ctime=1
----
09:19:38 1-0-1-2 rx.body.form length=6

----
post=4
----
09:19:38 1-0-1-2 request.pipeline route='/user/{action}$' handler='espHandler' target='run' endpoint=':12345' host='default' referrer='http://192.168.1.124:12345/' filename=''
09:19:38 1-0-1-2 esp.handler msg= 'Invoke controller action user/userpanel'
Configuration for Embedthis Appweb
----------------------------------
Version:            6.2.2
BuildType:          Debug
CPU:                x64
OS:                 linux
Host:               ubuntu
Configure:          me -d -q -platform linux-x86-default -configure . -gen make
----------------------------------
Parse /root/lolo/zttest/appweb/bginweb2/appweb.conf
Started HTTP service on *:12345
Create worker.0, pool has 1 workers. Limits 0-5.
09:19:58 1-0-1-1 connection.accept.new peer='192.168.1.110' endpoint='192.168.1.124:12345'
09:19:58 1-0-1-1 rx.first.server method='GET' uri='/user/user?_=1677489546799' protocol='HTTP/1.1'
09:19:58 1-0-1-1 rx.headers.server
----
GET /user/user?_=1677489546799 HTTP/1.1
Host: 192.168.1.124:12345
Connection: keep-alive
Accept: text/html, */*; q=0.01
User-Agent: Mozilla/5.0 (Windows NT 10.0; Win64; x64) AppleWebKit/537.36 (KHTML, like Gecko) Chrome/109.0.0.0 Safari/537.36
X-Requested-With: XMLHttpRequest
Referer: http://192.168.1.124:12345/
Accept-Encoding: gzip, deflate
Accept-Language: zh-CN,zh;q=0.9,ja;q=0.8,en-US;q=0.7,en;q=0.6,zh-TW;q=0.5
Cookie: ctime=1
----
09:19:58 1-0-1-1 request.pipeline route='/user/{action}$' handler='espHandler' target='run' endpoint=':12345' host='default' referrer='http://192.168.1.124:12345/' filename=''
Loading native module controller_3ec7089c206fa7504994aecf121c1bef.so
09:19:58 1-0-1-1 esp.handler msg= 'Load module /root/lolo/zttest/appweb/bginweb2/controllers/user.c'
09:19:58 1-0-1-1 esp.handler msg= 'Invoke controller action user/user'
Loading native module view_7fe46ee96f6f7e2e5eab97ebe7efe1b6.so
09:19:58 1-0-1-1 esp.handler msg= 'Load module /root/lolo/zttest/appweb/bginweb2/web/view/user.esp'
09:19:58 1-0-1-1 request.document filename='/root/lolo/zttest/appweb/bginweb2/web/view/user.esp'
09:19:58 1-0-1-1 tx.headers.server
----
HTTP/1.1 200 OK
Vary: Accept-Encoding
X-Frame-Options: SAMEORIGIN
Content-Type: text/html
X-Content-Type-Options: nosniff
Date: Mon, 27 Feb 2023 09:19:58 GMT
ETag: 1685935579
Content-Length: 3394
X-XSS-Protection: 1; mode=block
Connection: Keep-Alive
Accept-Ranges: bytes
----
09:19:58 1-0-1-2 rx.first.server method='POST' uri='/user/userpanel' protocol='HTTP/1.1'
09:19:58 1-0-1-2 rx.headers.server
----
POST /user/userpanel HTTP/1.1
Host: 192.168.1.124:12345
Connection: keep-alive
Content-Length: 6
Accept: application/json, text/javascript, */*; q=0.01
X-Requested-With: XMLHttpRequest
User-Agent: Mozilla/5.0 (Windows NT 10.0; Win64; x64) AppleWebKit/537.36 (KHTML, like Gecko) Chrome/109.0.0.0 Safari/537.36
Content-Type: application/x-www-form-urlencoded; charset=UTF-8
Origin: http://192.168.1.124:12345
Referer: http://192.168.1.124:12345/
Accept-Encoding: gzip, deflate
Accept-Language: zh-CN,zh;q=0.9,ja;q=0.8,en-US;q=0.7,en;q=0.6,zh-TW;q=0.5
Cookie: ctime=1
----
09:19:58 1-0-1-2 rx.body.form length=6

----
post=4
----
09:19:58 1-0-1-2 request.pipeline route='/user/{action}$' handler='espHandler' target='run' endpoint=':12345' host='default' referrer='http://192.168.1.124:12345/' filename=''
09:19:58 1-0-1-2 esp.handler msg= 'Invoke controller action user/userpanel'
09:19:59 1-0-1-2 tx.headers.server
----
HTTP/1.1 200 OK
Vary: Accept-Encoding
X-Frame-Options: SAMEORIGIN
X-Content-Type-Options: nosniff
Date: Mon, 27 Feb 2023 09:19:59 GMT
Content-Length: 2035
X-XSS-Protection: 1; mode=block
Connection: Keep-Alive
Accept-Ranges: bytes
----
socket[8] read 140 Byte data from server: {"id": "info", "ret":{"code": 0, "model": "none", "algo": "none", "online": true, "firmver": "2023-02-27 17:19:58", "firmtype": "Factory"}}


socket[8] read 181 Byte data from server: {"id":"getnet","ret":{"code":0,"nic": "eth0", "mac":"", "ip": "172.17.0.1","netmask":"255.255.0.0", "host": "ubuntu", "dhcp": false, "gateway": "192.168.1.1", "dns": "127.0.0.53"}}


socket[8] read 50 Byte data from server: {"id":"getlocate","ret":{"code":1005,"on":false}}


socket[8] read 198 Byte data from server: {"id": "boardpow", "ret": {"code":0, "rtpow": "121G", "avgpow": "110G", "reject": 0.000000, "runtime": "00:00:28:17", "unit": "G", "pows": [108,109,109,108,110,111,120,120,98,100,104,110,110,114]}}


socket[8] read 90 Byte data from server: {"id": "state", "ret": {"code": 0, "pow": true, "net": false, "fan": true, "temp": true}}


socket[8] read 65 Byte data from server: {"id": "fan", "ret": {"code": 0, "fans": [4693,4559,4425,4604]}}


socket[8] read 626 Byte data from server: {"id":"getpool","ret":{"code":0,"pools":[{"no": 1, "addr": "121", "user": "11","pass":"123", "connect": true, "diff": "0.00 G", "priority": 1, "accepted": 0, "rejected": 0, "diffa": 0,"diffr": 0, "state": 0, "lsdiff": 0, "lstime": ""},{"no": 2, "addr": "122", "user": "12","pass":"123", "connect": true, "diff": "0.00 G", "priority": 2, "accepted": 0, "rejected": 0, "diffa": 0,"diffr": 0, "state": 0, "lsdiff": 0, "lstime": ""},{"no": 3, "addr": "123", "user": "13","pass":"123", "connect": true, "diff": "0.00 G", "priority": 3, "accepted": 0, "rejected": 0, "diffa": 0,"diffr": 0, "state": 0, "lsdiff": 0, "lstime": ""}]}}


socket[8] read 656 Byte data from server: {"id":"board", "ret":{"code": 0, "chainnum": 0, "boards": [{"no": 1, "chipnum": 72, "error": 0, "freq": 660, "rtpow": "130G", "idealpow":"141G", "tempnum":4, "pcbtemp":"0.00-0.00-0.00-0.00", "intmp": 0.000000, "outtmp": 0.000000, "state": true, "false":[]},{"no": 2, "chipnum": 72, "error": 0, "freq": 660, "rtpow": "124G", "idealpow":"141G", "tempnum":4, "pcbtemp":"0.00-0.00-0.00-0.00", "intmp": 0.000000, "outtmp": 0.000000, "state": true, "false":[]},{"no": 3, "chipnum": 72, "error": 0, "freq": 660, "rtpow": "136G", "idealpow":"141G", "tempnum":4, "pcbtemp":"0.00-0.00-0.00-0.00", "intmp": 0.000000, "outtmp": 0.000000, "state": true, "false":[]}]}}



